[0.193s] [35m[1mScanning dependencies of target listener[0m
[0.243s] [ 25%] [32mBuilding CXX object CMakeFiles/listener.dir/src/numbers_fun_subscriber.cpp.o[0m
[3.246s] [ 50%] [32m[1mLinking CXX executable listener[0m
[3.485s] [ 50%] Built target listener
[3.517s] [ 75%] [32mBuilding CXX object CMakeFiles/talker.dir/src/numbers_fun_publisher.cpp.o[0m
[4.539s] In file included from [01m[K/opt/ros/eloquent/include/rclcpp/client.hpp:39:0[m[K,
[4.541s]                  from [01m[K/opt/ros/eloquent/include/rclcpp/callback_group.hpp:23[m[K,
[4.543s]                  from [01m[K/opt/ros/eloquent/include/rclcpp/any_executable.hpp:20[m[K,
[4.544s]                  from [01m[K/opt/ros/eloquent/include/rclcpp/memory_strategy.hpp:24[m[K,
[4.544s]                  from [01m[K/opt/ros/eloquent/include/rclcpp/memory_strategies.hpp:18[m[K,
[4.544s]                  from [01m[K/opt/ros/eloquent/include/rclcpp/executor.hpp:33[m[K,
[4.544s]                  from [01m[K/opt/ros/eloquent/include/rclcpp/executors/multi_threaded_executor.hpp:25[m[K,
[4.544s]                  from [01m[K/opt/ros/eloquent/include/rclcpp/executors.hpp:21[m[K,
[4.545s]                  from [01m[K/opt/ros/eloquent/include/rclcpp/rclcpp.hpp:145[m[K,
[4.545s]                  from [01m[K/home/bazookatooth/ROS2_WORK/learning_how_to_workspace/src/numbers_fun/src/numbers_fun_publisher.cpp:4[m[K:
[4.545s] [01m[K/home/bazookatooth/ROS2_WORK/learning_how_to_workspace/src/numbers_fun/src/numbers_fun_publisher.cpp:[m[K In member function â€˜[01m[Kvoid NumbersFunPublisher::timer_callback()[m[Kâ€™:
[4.546s] [01m[K/opt/ros/eloquent/include/rcutils/logging_macros.h:72:75:[m[K [01;31m[Kerror: [m[Kinvalid use of non-static member function â€˜[01m[Kconst _CharT* std::__cxx11::basic_string<_CharT, _Traits, _Alloc>::c_str() const [with _CharT = char; _Traits = std::char_traits<char>; _Alloc = std::allocator<char>][m[Kâ€™
[4.546s]        rcutils_log(&__rcutils_logging_location, severity, name, __VA_ARGS__[01;31m[K)[m[K; \
[4.546s]                                                                            [01;31m[K^[m[K
[4.546s] [01m[K/opt/ros/eloquent/include/rcutils/logging_macros.h:500:3:[m[K [01;36m[Knote: [m[Kin expansion of macro â€˜[01m[KRCUTILS_LOG_COND_NAMED[m[Kâ€™
[4.546s]    [01;36m[KRCUTILS_LOG_COND_NAMED[m[K( \
[4.546s]    [01;36m[K^~~~~~~~~~~~~~~~~~~~~~[m[K
[4.547s] [01m[K/opt/ros/eloquent/include/rclcpp/logging.hpp:541:5:[m[K [01;36m[Knote: [m[Kin expansion of macro â€˜[01m[KRCUTILS_LOG_INFO_NAMED[m[Kâ€™
[4.547s]      [01;36m[KRCUTILS_LOG_INFO_NAMED[m[K( \
[4.547s]      [01;36m[K^~~~~~~~~~~~~~~~~~~~~~[m[K
[4.547s] [01m[K/home/bazookatooth/ROS2_WORK/learning_how_to_workspace/src/numbers_fun/src/numbers_fun_publisher.cpp:26:13:[m[K [01;36m[Knote: [m[Kin expansion of macro â€˜[01m[KRCLCPP_INFO[m[Kâ€™
[4.547s]              [01;36m[KRCLCPP_INFO[m[K(this->get_logger(), "Publishing: %s", message.data.c_str);
[4.549s]              [01;36m[K^~~~~~~~~~~[m[K
[4.549s] In file included from [01m[K/usr/include/c++/7/string:52:0[m[K,
[4.549s]                  from [01m[K/usr/include/c++/7/stdexcept:39[m[K,
[4.549s]                  from [01m[K/usr/include/c++/7/array:39[m[K,
[4.549s]                  from [01m[K/usr/include/c++/7/tuple:39[m[K,
[4.549s]                  from [01m[K/usr/include/c++/7/bits/unique_ptr.h:37[m[K,
[4.550s]                  from [01m[K/usr/include/c++/7/memory:80[m[K,
[4.551s]                  from [01m[K/home/bazookatooth/ROS2_WORK/learning_how_to_workspace/src/numbers_fun/src/numbers_fun_publisher.cpp:2[m[K:
[4.551s] [01m[K/usr/include/c++/7/bits/basic_string.h:2280:7:[m[K [01;36m[Knote: [m[Kdeclared here
[4.551s]        [01;36m[Kc_str[m[K() const _GLIBCXX_NOEXCEPT
[4.551s]        [01;36m[K^~~~~[m[K
[5.157s] CMakeFiles/talker.dir/build.make:62: recipe for target 'CMakeFiles/talker.dir/src/numbers_fun_publisher.cpp.o' failed
[5.162s] make[2]: *** [CMakeFiles/talker.dir/src/numbers_fun_publisher.cpp.o] Error 1
[5.167s] make[1]: *** [CMakeFiles/talker.dir/all] Error 2
[5.167s] make: *** [all] Error 2
[5.167s] CMakeFiles/Makefile2:168: recipe for target 'CMakeFiles/talker.dir/all' failed
[5.167s] Makefile:140: recipe for target 'all' failed
